mode: set
github.com/yusufelyldrm/reservation/cmd/web/main.go:22.13,24.16 2 0
github.com/yusufelyldrm/reservation/cmd/web/main.go:28.2,35.16 4 0
github.com/yusufelyldrm/reservation/cmd/web/main.go:24.16,26.3 1 0
github.com/yusufelyldrm/reservation/cmd/web/main.go:39.18,56.16 10 1
github.com/yusufelyldrm/reservation/cmd/web/main.go:60.2,68.12 6 1
github.com/yusufelyldrm/reservation/cmd/web/main.go:56.16,59.3 2 0
github.com/yusufelyldrm/reservation/cmd/web/middleware.go:9.45,18.2 3 1
github.com/yusufelyldrm/reservation/cmd/web/middleware.go:21.50,23.2 1 1
github.com/yusufelyldrm/reservation/cmd/web/routes.go:12.52,49.2 18 1
