mode: set
github.com/yusufelyldrm/reservation/internal/handlers/handlers.go:23.47,27.2 1 1
github.com/yusufelyldrm/reservation/internal/handlers/handlers.go:30.33,32.2 1 1
github.com/yusufelyldrm/reservation/internal/handlers/handlers.go:35.67,41.2 3 1
github.com/yusufelyldrm/reservation/internal/handlers/handlers.go:44.68,58.2 5 1
github.com/yusufelyldrm/reservation/internal/handlers/handlers.go:61.74,71.2 4 1
github.com/yusufelyldrm/reservation/internal/handlers/handlers.go:74.78,76.16 2 0
github.com/yusufelyldrm/reservation/internal/handlers/handlers.go:81.2,95.19 6 0
github.com/yusufelyldrm/reservation/internal/handlers/handlers.go:105.2,106.66 2 0
github.com/yusufelyldrm/reservation/internal/handlers/handlers.go:76.16,79.3 2 0
github.com/yusufelyldrm/reservation/internal/handlers/handlers.go:95.19,103.3 4 0
github.com/yusufelyldrm/reservation/internal/handlers/handlers.go:111.71,113.2 1 1
github.com/yusufelyldrm/reservation/internal/handlers/handlers.go:116.69,118.2 1 1
github.com/yusufelyldrm/reservation/internal/handlers/handlers.go:121.75,123.2 1 1
github.com/yusufelyldrm/reservation/internal/handlers/handlers.go:126.79,129.33 1 0
github.com/yusufelyldrm/reservation/internal/handlers/handlers.go:129.33,132.17 2 0
github.com/yusufelyldrm/reservation/internal/handlers/handlers.go:138.3,143.17 4 0
github.com/yusufelyldrm/reservation/internal/handlers/handlers.go:146.3,146.35 1 0
github.com/yusufelyldrm/reservation/internal/handlers/handlers.go:132.17,135.4 2 0
github.com/yusufelyldrm/reservation/internal/handlers/handlers.go:143.17,145.4 1 0
github.com/yusufelyldrm/reservation/internal/handlers/handlers.go:147.8,150.3 1 0
github.com/yusufelyldrm/reservation/internal/handlers/handlers.go:160.79,170.16 3 0
github.com/yusufelyldrm/reservation/internal/handlers/handlers.go:175.2,180.16 3 0
github.com/yusufelyldrm/reservation/internal/handlers/handlers.go:170.16,172.3 1 0
github.com/yusufelyldrm/reservation/internal/handlers/handlers.go:180.16,183.3 2 0
github.com/yusufelyldrm/reservation/internal/handlers/handlers.go:187.70,189.2 1 1
github.com/yusufelyldrm/reservation/internal/handlers/handlers.go:192.81,194.9 2 0
github.com/yusufelyldrm/reservation/internal/handlers/handlers.go:201.2,208.4 4 0
github.com/yusufelyldrm/reservation/internal/handlers/handlers.go:194.9,199.3 4 0
